Log: Log file open, 02/24/22 19:44:30
Init: WinSock: version 1.1 (2.2), MaxSocks=32767, MaxUdp=65467
Log:  ... running in INSTALLED mode
DevConfig: GConfig::Find has loaded file:  ..\..\Engine\Config\ConsoleVariables.ini
Init: Version: 12046
Init: Compiled (64-bit - Shipping): Apr 29 2014 14:14:59
Init: Changelist: 22533
Init: Command line: -installed -seekfreeloadingpcconsole
Init: Base directory: D:\SteamLibrary\steamapps\common\Outlast\Binaries\Win64\
Init: Executable: OLGame
[0000.63] Init: Computer: DESKTOP-LSO0VGR
[0000.63] Init: User: motoj
[0000.63] Init: CPU Page size=4096, Processors=12
[0000.63] Init: High frequency timer resolution =10.000000 MHz
[0000.63] Init: Memory total: Physical=31.9GB (31GB approx) Pagefile=36.6GB Virtual=131072.0GB
[0002.19] Log: Steam Client API initialized 1
[0004.32] Log: Steam Game Server API initialized 1
[0004.32] Init: Presizing for 33476 objects not considered by GC, pre-allocating 0 bytes.
[0004.32] Init: Object subsystem initialized
[0004.32] Log: CachePaths() took 0.00 Seconds
[0004.71] Log: Using D3D9 device (0): NVIDIA GeForce GTX 1650
[0004.71] Log: Shader platform (RHI): PC-D3D-SM3
[0004.77] Log: PhysX GPU Support: DISABLED
[0009.32] Log: 60396 objects as part of root set at end of initial load.
[0009.32] Log: 0 out of 0 bytes used by permanent object pool.
[0009.32] Log: Initializing Engine...
[0009.34] Log: Wwise(R) SDK Version 2013.2.3 Build 4833. Copyright (c) 2006-2012 Audiokinetic Inc. / All Rights Reserved.
[0012.40] Log: Initializing Steamworks
[0012.43] Log: Logged in as 'LILLME'
[0012.58] Warning: Warning, Failed to load 'Class None.': Failed to find object 'Class None.'
[0012.58] Warning: Warning, Failed to find object 'Class None.'
[0012.59] Warning: Warning, Failed to load 'Class None.': Failed to find object 'Class None.'
[0012.59] Warning: Warning, Failed to find object 'Class None.'
[0012.59] Warning: Warning, Failed to load 'Class None.': Failed to find object 'Class None.'
[0012.59] Warning: Warning, Failed to find object 'Class None.'
[0012.59] Warning: Warning, Failed to load 'Class None.': Failed to find object 'Class None.'
[0012.59] Warning: Warning, Failed to find object 'Class None.'
[0012.59] Log: Found DLC CookedPCConsoleDLC
[0012.59] Log:  - Found 153 package files
[0012.59] Log:  - Found 198 content files
[0012.59] Log: Loading guid cache GuidCache_dlc1
[0012.60] DevDlc: Caching file: SB_DLC_VO_AI_Cannibal/..\..\OLGame\CookedPCConsoleDLC\English(US)\SB_DLC_VO_AI_Cannibal.bnk
[0012.60] DevDlc: Caching file: SB_DLC_VO_AI_Cannibal/..\..\OLGame\CookedPCConsoleDLC\English(US)\SB_DLC_VO_AI_Cannibal.txt
[0012.60] DevDlc: Caching file: SB_DLC_VO_AI_DDenis/..\..\OLGame\CookedPCConsoleDLC\English(US)\SB_DLC_VO_AI_DDenis.bnk
[0012.60] DevDlc: Caching file: SB_DLC_VO_AI_DDenis/..\..\OLGame\CookedPCConsoleDLC\English(US)\SB_DLC_VO_AI_DDenis.txt
[0012.60] DevDlc: Caching file: SB_DLC_VO_AI_Groom/..\..\OLGame\CookedPCConsoleDLC\English(US)\SB_DLC_VO_AI_Groom.bnk
[0012.60] DevDlc: Caching file: SB_DLC_VO_AI_Groom/..\..\OLGame\CookedPCConsoleDLC\English(US)\SB_DLC_VO_AI_Groom.txt
[0012.60] DevDlc: Caching file: SB_DLC_VO_AI_PATMANIC/..\..\OLGame\CookedPCConsoleDLC\English(US)\SB_DLC_VO_AI_PATMANIC.bnk
[0012.60] DevDlc: Caching file: SB_DLC_VO_AI_PATMANIC/..\..\OLGame\CookedPCConsoleDLC\English(US)\SB_DLC_VO_AI_PATMANIC.txt
[0012.60] DevDlc: Caching file: SB_DLC_VO_AI_PATSOCIO/..\..\OLGame\CookedPCConsoleDLC\English(US)\SB_DLC_VO_AI_PATSOCIO.bnk
[0012.60] DevDlc: Caching file: SB_DLC_VO_AI_PATSOCIO/..\..\OLGame\CookedPCConsoleDLC\English(US)\SB_DLC_VO_AI_PATSOCIO.txt
[0012.60] DevDlc: Caching file: SB_DLC_VO_AI_PATTERR/..\..\OLGame\CookedPCConsoleDLC\English(US)\SB_DLC_VO_AI_PATTERR.bnk
[0012.60] DevDlc: Caching file: SB_DLC_VO_AI_PATTERR/..\..\OLGame\CookedPCConsoleDLC\English(US)\SB_DLC_VO_AI_PATTERR.txt
[0012.60] DevDlc: Caching file: SB_DLC_VO_AI_SCICALM/..\..\OLGame\CookedPCConsoleDLC\English(US)\SB_DLC_VO_AI_SCICALM.bnk
[0012.60] DevDlc: Caching file: SB_DLC_VO_AI_SCICALM/..\..\OLGame\CookedPCConsoleDLC\English(US)\SB_DLC_VO_AI_SCICALM.txt
[0012.60] DevDlc: Caching file: SB_DLC_VO_AI_SCITERRI/..\..\OLGame\CookedPCConsoleDLC\English(US)\SB_DLC_VO_AI_SCITERRI.bnk
[0012.60] DevDlc: Caching file: SB_DLC_VO_AI_SCITERRI/..\..\OLGame\CookedPCConsoleDLC\English(US)\SB_DLC_VO_AI_SCITERRI.txt
[0012.60] DevDlc: Caching file: SB_DLC_VO_SE_Blaire_AdminRev/..\..\OLGame\CookedPCConsoleDLC\English(US)\SB_DLC_VO_SE_Blaire_AdminRev.bnk
[0012.60] DevDlc: Caching file: SB_DLC_VO_SE_Blaire_AdminRev/..\..\OLGame\CookedPCConsoleDLC\English(US)\SB_DLC_VO_SE_Blaire_AdminRev.txt
[0012.60] DevDlc: Caching file: SB_DLC_VO_SE_Blaire_Lab/..\..\OLGame\CookedPCConsoleDLC\English(US)\SB_DLC_VO_SE_Blaire_Lab.bnk
[0012.60] DevDlc: Caching file: SB_DLC_VO_SE_Blaire_Lab/..\..\OLGame\CookedPCConsoleDLC\English(US)\SB_DLC_VO_SE_Blaire_Lab.txt
[0012.60] DevDlc: Caching file: SB_DLC_VO_SE_Blaire_Prison/..\..\OLGame\CookedPCConsoleDLC\English(US)\SB_DLC_VO_SE_Blaire_Prison.bnk
[0012.60] DevDlc: Caching file: SB_DLC_VO_SE_Blaire_Prison/..\..\OLGame\CookedPCConsoleDLC\English(US)\SB_DLC_VO_SE_Blaire_Prison.txt
[0012.60] DevDlc: Caching file: SB_DLC_VO_SE_Cannibal_Build1/..\..\OLGame\CookedPCConsoleDLC\English(US)\SB_DLC_VO_SE_Cannibal_Build1.bnk
[0012.60] DevDlc: Caching file: SB_DLC_VO_SE_Cannibal_Build1/..\..\OLGame\CookedPCConsoleDLC\English(US)\SB_DLC_VO_SE_Cannibal_Build1.txt
[0012.60] DevDlc: Caching file: SB_DLC_VO_SE_DDenis_Attic/..\..\OLGame\CookedPCConsoleDLC\English(US)\SB_DLC_VO_SE_DDenis_Attic.bnk
[0012.60] DevDlc: Caching file: SB_DLC_VO_SE_DDenis_Attic/..\..\OLGame\CookedPCConsoleDLC\English(US)\SB_DLC_VO_SE_DDenis_Attic.txt
[0012.60] DevDlc: Caching file: SB_DLC_VO_SE_FMartin/..\..\OLGame\CookedPCConsoleDLC\English(US)\SB_DLC_VO_SE_FMartin.bnk
[0012.60] DevDlc: Caching file: SB_DLC_VO_SE_FMartin/..\..\OLGame\CookedPCConsoleDLC\English(US)\SB_DLC_VO_SE_FMartin.txt
[0012.60] DevDlc: Caching file: SB_DLC_VO_SE_Groom_Build2/..\..\OLGame\CookedPCConsoleDLC\English(US)\SB_DLC_VO_SE_Groom_Build2.bnk
[0012.60] DevDlc: Caching file: SB_DLC_VO_SE_Groom_Build2/..\..\OLGame\CookedPCConsoleDLC\English(US)\SB_DLC_VO_SE_Groom_Build2.txt
[0012.60] DevDlc: Caching file: SB_DLC_VO_SE_Groom_Lab/..\..\OLGame\CookedPCConsoleDLC\English(US)\SB_DLC_VO_SE_Groom_Lab.bnk
[0012.60] DevDlc: Caching file: SB_DLC_VO_SE_Groom_Lab/..\..\OLGame\CookedPCConsoleDLC\English(US)\SB_DLC_VO_SE_Groom_Lab.txt
[0012.60] DevDlc: Caching file: SB_DLC_VO_SE_Guard_AdminRev/..\..\OLGame\CookedPCConsoleDLC\English(US)\SB_DLC_VO_SE_Guard_AdminRev.bnk
[0012.60] DevDlc: Caching file: SB_DLC_VO_SE_Guard_AdminRev/..\..\OLGame\CookedPCConsoleDLC\English(US)\SB_DLC_VO_SE_Guard_AdminRev.txt
[0012.60] DevDlc: Caching file: SB_DLC_VO_SE_Guard_Build1/..\..\OLGame\CookedPCConsoleDLC\English(US)\SB_DLC_VO_SE_Guard_Build1.bnk
[0012.60] DevDlc: Caching file: SB_DLC_VO_SE_Guard_Build1/..\..\OLGame\CookedPCConsoleDLC\English(US)\SB_DLC_VO_SE_Guard_Build1.txt
[0012.60] DevDlc: Caching file: SB_DLC_VO_SE_Guard_Lab/..\..\OLGame\CookedPCConsoleDLC\English(US)\SB_DLC_VO_SE_Guard_Lab.bnk
[0012.60] DevDlc: Caching file: SB_DLC_VO_SE_Guard_Lab/..\..\OLGame\CookedPCConsoleDLC\English(US)\SB_DLC_VO_SE_Guard_Lab.txt
[0012.60] DevDlc: Caching file: SB_DLC_VO_SE_Guard_MaleWard/..\..\OLGame\CookedPCConsoleDLC\English(US)\SB_DLC_VO_SE_Guard_MaleWard.bnk
[0012.60] DevDlc: Caching file: SB_DLC_VO_SE_Guard_MaleWard/..\..\OLGame\CookedPCConsoleDLC\English(US)\SB_DLC_VO_SE_Guard_MaleWard.txt
[0012.60] DevDlc: Caching file: SB_DLC_VO_SE_Guard_PrisonRev/..\..\OLGame\CookedPCConsoleDLC\English(US)\SB_DLC_VO_SE_Guard_PrisonRev.bnk
[0012.60] DevDlc: Caching file: SB_DLC_VO_SE_Guard_PrisonRev/..\..\OLGame\CookedPCConsoleDLC\English(US)\SB_DLC_VO_SE_Guard_PrisonRev.txt
[0012.60] DevDlc: Caching file: SB_DLC_VO_SE_Julian/..\..\OLGame\CookedPCConsoleDLC\English(US)\SB_DLC_VO_SE_Julian.bnk
[0012.60] DevDlc: Caching file: SB_DLC_VO_SE_Julian/..\..\OLGame\CookedPCConsoleDLC\English(US)\SB_DLC_VO_SE_Julian.txt
[0012.60] DevDlc: Caching file: SB_DLC_VO_SE_Patients_Build1/..\..\OLGame\CookedPCConsoleDLC\English(US)\SB_DLC_VO_SE_Patients_Build1.bnk
[0012.60] DevDlc: Caching file: SB_DLC_VO_SE_Patients_Build1/..\..\OLGame\CookedPCConsoleDLC\English(US)\SB_DLC_VO_SE_Patients_Build1.txt
[0012.60] DevDlc: Caching file: SB_DLC_VO_SE_Patients_Build2/..\..\OLGame\CookedPCConsoleDLC\English(US)\SB_DLC_VO_SE_Patients_Build2.bnk
[0012.60] DevDlc: Caching file: SB_DLC_VO_SE_Patients_Build2/..\..\OLGame\CookedPCConsoleDLC\English(US)\SB_DLC_VO_SE_Patients_Build2.txt
[0012.60] DevDlc: Caching file: SB_DLC_VO_SE_Patients_PrisonRev/..\..\OLGame\CookedPCConsoleDLC\English(US)\SB_DLC_VO_SE_Patients_PrisonRev.bnk
[0012.60] DevDlc: Caching file: SB_DLC_VO_SE_Patients_PrisonRev/..\..\OLGame\CookedPCConsoleDLC\English(US)\SB_DLC_VO_SE_Patients_PrisonRev.txt
[0012.60] DevDlc: Caching file: SB_DLC_VO_SE_SCI_Build1/..\..\OLGame\CookedPCConsoleDLC\English(US)\SB_DLC_VO_SE_SCI_Build1.bnk
[0012.60] DevDlc: Caching file: SB_DLC_VO_SE_SCI_Build1/..\..\OLGame\CookedPCConsoleDLC\English(US)\SB_DLC_VO_SE_SCI_Build1.txt
[0012.60] DevDlc: Caching file: SB_DLC_VO_SE_SCI_Build2/..\..\OLGame\CookedPCConsoleDLC\English(US)\SB_DLC_VO_SE_SCI_Build2.bnk
[0012.60] DevDlc: Caching file: SB_DLC_VO_SE_SCI_Build2/..\..\OLGame\CookedPCConsoleDLC\English(US)\SB_DLC_VO_SE_SCI_Build2.txt
[0012.60] DevDlc: Caching file: SB_DLC_VO_SE_SCI_Lab/..\..\OLGame\CookedPCConsoleDLC\English(US)\SB_DLC_VO_SE_SCI_Lab.bnk
[0012.60] DevDlc: Caching file: SB_DLC_VO_SE_SCI_Lab/..\..\OLGame\CookedPCConsoleDLC\English(US)\SB_DLC_VO_SE_SCI_Lab.txt
[0012.60] DevDlc: Caching file: WwiseDefaultBank_Amb_Interior_01/..\..\OLGame\CookedPCConsoleDLC\English(US)\WwiseDefaultBank_Amb_Interior_01.txt
[0012.60] DevDlc: Caching file: WwiseDefaultBank_VO_ACT1_Various/..\..\OLGame\CookedPCConsoleDLC\English(US)\WwiseDefaultBank_VO_ACT1_Various.bnk
[0012.60] DevDlc: Caching file: WwiseDefaultBank_VO_ACT1_Various/..\..\OLGame\CookedPCConsoleDLC\English(US)\WwiseDefaultBank_VO_ACT1_Various.txt
[0012.60] DevDlc: Caching file: WwiseDefaultBank_VO_ACT3_Various/..\..\OLGame\CookedPCConsoleDLC\English(US)\WwiseDefaultBank_VO_ACT3_Various.bnk
[0012.60] DevDlc: Caching file: WwiseDefaultBank_VO_ACT3_Various/..\..\OLGame\CookedPCConsoleDLC\English(US)\WwiseDefaultBank_VO_ACT3_Various.txt
[0012.60] DevDlc: Caching file: WwiseDefaultBank_VO_Patient_Admin_Block_2/..\..\OLGame\CookedPCConsoleDLC\English(US)\WwiseDefaultBank_VO_Patient_Admin_Block_2.bnk
[0012.60] DevDlc: Caching file: WwiseDefaultBank_VO_Patient_Admin_Block_2/..\..\OLGame\CookedPCConsoleDLC\English(US)\WwiseDefaultBank_VO_Patient_Admin_Block_2.txt
[0012.60] DevDlc: Caching file: WwiseDefaultBank_VO_Patient_AI/..\..\OLGame\CookedPCConsoleDLC\English(US)\WwiseDefaultBank_VO_Patient_AI.bnk
[0012.60] DevDlc: Caching file: WwiseDefaultBank_VO_Patient_AI/..\..\OLGame\CookedPCConsoleDLC\English(US)\WwiseDefaultBank_VO_Patient_AI.txt
[0012.60] DevDlc: Caching file: WwiseDefaultBank_VO_Patient_Ext_Courtyard/..\..\OLGame\CookedPCConsoleDLC\English(US)\WwiseDefaultBank_VO_Patient_Ext_Courtyard.bnk
[0012.60] DevDlc: Caching file: WwiseDefaultBank_VO_Patient_Ext_Courtyard/..\..\OLGame\CookedPCConsoleDLC\English(US)\WwiseDefaultBank_VO_Patient_Ext_Courtyard.txt
[0012.60] DevDlc: Caching file: WwiseDefaultBank_VO_Patient_Female_Ward/..\..\OLGame\CookedPCConsoleDLC\English(US)\WwiseDefaultBank_VO_Patient_Female_Ward.bnk
[0012.60] DevDlc: Caching file: WwiseDefaultBank_VO_Patient_Female_Ward/..\..\OLGame\CookedPCConsoleDLC\English(US)\WwiseDefaultBank_VO_Patient_Female_Ward.txt
[0012.60] DevDlc: Caching file: WwiseDefaultBank_VO_Patient_Male_Ward_Bsmt/..\..\OLGame\CookedPCConsoleDLC\English(US)\WwiseDefaultBank_VO_Patient_Male_Ward_Bsmt.bnk
[0012.60] DevDlc: Caching file: WwiseDefaultBank_VO_Patient_Male_Ward_Bsmt/..\..\OLGame\CookedPCConsoleDLC\English(US)\WwiseDefaultBank_VO_Patient_Male_Ward_Bsmt.txt
[0012.60] DevDlc: Caching file: WwiseDefaultBank_VO_Patient_Male_Ward_Up_Lvls/..\..\OLGame\CookedPCConsoleDLC\English(US)\WwiseDefaultBank_VO_Patient_Male_Ward_Up_Lvls.bnk
[0012.60] DevDlc: Caching file: WwiseDefaultBank_VO_Patient_Male_Ward_Up_Lvls/..\..\OLGame\CookedPCConsoleDLC\English(US)\WwiseDefaultBank_VO_Patient_Male_Ward_Up_Lvls.txt
[0012.60] DevDlc: Caching file: WwiseDefaultBank_VO_Patient_Prison/..\..\OLGame\CookedPCConsoleDLC\English(US)\WwiseDefaultBank_VO_Patient_Prison.bnk
[0012.60] DevDlc: Caching file: WwiseDefaultBank_VO_Patient_Prison/..\..\OLGame\CookedPCConsoleDLC\English(US)\WwiseDefaultBank_VO_Patient_Prison.txt
[0012.60] DevDlc: Caching file: WwiseDefaultBank_VO_Patient_Sewers/..\..\OLGame\CookedPCConsoleDLC\English(US)\WwiseDefaultBank_VO_Patient_Sewers.bnk
[0012.60] DevDlc: Caching file: WwiseDefaultBank_VO_Patient_Sewers/..\..\OLGame\CookedPCConsoleDLC\English(US)\WwiseDefaultBank_VO_Patient_Sewers.txt
[0012.60] DevDlc: Caching file: WwiseDefaultBank_VO_Priest/..\..\OLGame\CookedPCConsoleDLC\English(US)\WwiseDefaultBank_VO_Priest.bnk
[0012.60] DevDlc: Caching file: WwiseDefaultBank_VO_Priest/..\..\OLGame\CookedPCConsoleDLC\English(US)\WwiseDefaultBank_VO_Priest.txt
[0012.60] DevDlc: Caching file: WwiseDefaultBank_VO_Soldier/..\..\OLGame\CookedPCConsoleDLC\English(US)\WwiseDefaultBank_VO_Soldier.bnk
[0012.60] DevDlc: Caching file: WwiseDefaultBank_VO_Soldier/..\..\OLGame\CookedPCConsoleDLC\English(US)\WwiseDefaultBank_VO_Soldier.txt
[0012.60] DevDlc: Caching file: WwiseDefaultBank_VO_Surgeon/..\..\OLGame\CookedPCConsoleDLC\English(US)\WwiseDefaultBank_VO_Surgeon.bnk
[0012.60] DevDlc: Caching file: WwiseDefaultBank_VO_Surgeon/..\..\OLGame\CookedPCConsoleDLC\English(US)\WwiseDefaultBank_VO_Surgeon.txt
[0012.60] DevDlc: Caching file: CharTextures_dlc1/..\..\OLGame\CookedPCConsoleDLC\CharTextures_dlc1.tfc
[0012.60] DevDlc: Caching file: GlobalShaderCache-PC-D3D-SM3/..\..\OLGame\CookedPCConsoleDLC\GlobalShaderCache-PC-D3D-SM3.bin
[0012.60] DevDlc: Caching file: Init/..\..\OLGame\CookedPCConsoleDLC\Init.bnk
[0012.60] DevDlc: Caching file: Init/..\..\OLGame\CookedPCConsoleDLC\Init.txt
[0012.60] DevDlc: Caching file: Lighting_dlc1/..\..\OLGame\CookedPCConsoleDLC\Lighting_dlc1.tfc
[0012.60] DevDlc: Caching file: PersistentCookerShaderData/..\..\OLGame\CookedPCConsoleDLC\PersistentCookerShaderData.bin
[0012.60] DevDlc: Caching file: PluginInfo/..\..\OLGame\CookedPCConsoleDLC\PluginInfo.xml
[0012.60] DevDlc: Caching file: SB_DLC_MU_AdminRev/..\..\OLGame\CookedPCConsoleDLC\SB_DLC_MU_AdminRev.bnk
[0012.60] DevDlc: Caching file: SB_DLC_MU_AdminRev/..\..\OLGame\CookedPCConsoleDLC\SB_DLC_MU_AdminRev.txt
[0012.60] DevDlc: Caching file: SB_DLC_MU_build1/..\..\OLGame\CookedPCConsoleDLC\SB_DLC_MU_build1.bnk
[0012.60] DevDlc: Caching file: SB_DLC_MU_build1/..\..\OLGame\CookedPCConsoleDLC\SB_DLC_MU_build1.txt
[0012.60] DevDlc: Caching file: SB_DLC_MU_Build2/..\..\OLGame\CookedPCConsoleDLC\SB_DLC_MU_Build2.bnk
[0012.60] DevDlc: Caching file: SB_DLC_MU_Build2/..\..\OLGame\CookedPCConsoleDLC\SB_DLC_MU_Build2.txt
[0012.60] DevDlc: Caching file: SB_DLC_MU_Denis/..\..\OLGame\CookedPCConsoleDLC\SB_DLC_MU_Denis.bnk
[0012.60] DevDlc: Caching file: SB_DLC_MU_Denis/..\..\OLGame\CookedPCConsoleDLC\SB_DLC_MU_Denis.txt
[0012.60] DevDlc: Caching file: SB_DLC_MU_Groom/..\..\OLGame\CookedPCConsoleDLC\SB_DLC_MU_Groom.bnk
[0012.60] DevDlc: Caching file: SB_DLC_MU_Groom/..\..\OLGame\CookedPCConsoleDLC\SB_DLC_MU_Groom.txt
[0012.60] DevDlc: Caching file: SB_DLC_MU_Maleward/..\..\OLGame\CookedPCConsoleDLC\SB_DLC_MU_Maleward.bnk
[0012.60] DevDlc: Caching file: SB_DLC_MU_Maleward/..\..\OLGame\CookedPCConsoleDLC\SB_DLC_MU_Maleward.txt
[0012.60] DevDlc: Caching file: SB_DLC_MU_Prison/..\..\OLGame\CookedPCConsoleDLC\SB_DLC_MU_Prison.bnk
[0012.60] DevDlc: Caching file: SB_DLC_MU_Prison/..\..\OLGame\CookedPCConsoleDLC\SB_DLC_MU_Prison.txt
[0012.60] DevDlc: Caching file: SB_DLC_MU_Stingers/..\..\OLGame\CookedPCConsoleDLC\SB_DLC_MU_Stingers.bnk
[0012.60] DevDlc: Caching file: SB_DLC_MU_Stingers/..\..\OLGame\CookedPCConsoleDLC\SB_DLC_MU_Stingers.txt
[0012.60] DevDlc: Caching file: SB_DLC_States/..\..\OLGame\CookedPCConsoleDLC\SB_DLC_States.bnk
[0012.60] DevDlc: Caching file: SB_DLC_States/..\..\OLGame\CookedPCConsoleDLC\SB_DLC_States.txt
[0012.60] DevDlc: Caching file: SoundbanksInfo/..\..\OLGame\CookedPCConsoleDLC\SoundbanksInfo.xml
[0012.60] DevDlc: Caching file: Textures_dlc1/..\..\OLGame\CookedPCConsoleDLC\Textures_dlc1.tfc
[0012.60] DevDlc: Caching file: WwiseDefaultBank_Amb_Basement/..\..\OLGame\CookedPCConsoleDLC\WwiseDefaultBank_Amb_Basement.bnk
[0012.60] DevDlc: Caching file: WwiseDefaultBank_Amb_Basement/..\..\OLGame\CookedPCConsoleDLC\WwiseDefaultBank_Amb_Basement.txt
[0012.60] DevDlc: Caching file: WwiseDefaultBank_Amb_Courtyard/..\..\OLGame\CookedPCConsoleDLC\WwiseDefaultBank_Amb_Courtyard.bnk
[0012.60] DevDlc: Caching file: WwiseDefaultBank_Amb_Courtyard/..\..\OLGame\CookedPCConsoleDLC\WwiseDefaultBank_Amb_Courtyard.txt
[0012.60] DevDlc: Caching file: WwiseDefaultBank_Amb_Exterior/..\..\OLGame\CookedPCConsoleDLC\WwiseDefaultBank_Amb_Exterior.bnk
[0012.60] DevDlc: Caching file: WwiseDefaultBank_Amb_Exterior/..\..\OLGame\CookedPCConsoleDLC\WwiseDefaultBank_Amb_Exterior.txt
[0012.60] DevDlc: Caching file: WwiseDefaultBank_Amb_FemaleWard/..\..\OLGame\CookedPCConsoleDLC\WwiseDefaultBank_Amb_FemaleWard.bnk
[0012.60] DevDlc: Caching file: WwiseDefaultBank_Amb_FemaleWard/..\..\OLGame\CookedPCConsoleDLC\WwiseDefaultBank_Amb_FemaleWard.txt
[0012.60] DevDlc: Caching file: WwiseDefaultBank_Amb_Generic/..\..\OLGame\CookedPCConsoleDLC\WwiseDefaultBank_Amb_Generic.bnk
[0012.60] DevDlc: Caching file: WwiseDefaultBank_Amb_Generic/..\..\OLGame\CookedPCConsoleDLC\WwiseDefaultBank_Amb_Generic.txt
[0012.60] DevDlc: Caching file: WwiseDefaultBank_Amb_Interior_01/..\..\OLGame\CookedPCConsoleDLC\WwiseDefaultBank_Amb_Interior_01.bnk
[0012.60] DevDlc: Caching file: WwiseDefaultBank_Amb_Interior_01/..\..\OLGame\CookedPCConsoleDLC\WwiseDefaultBank_Amb_Interior_01.txt
[0012.60] DevDlc: Caching file: WwiseDefaultBank_Amb_Labo/..\..\OLGame\CookedPCConsoleDLC\WwiseDefaultBank_Amb_Labo.bnk
[0012.60] DevDlc: Caching file: WwiseDefaultBank_Amb_Labo/..\..\OLGame\CookedPCConsoleDLC\WwiseDefaultBank_Amb_Labo.txt
[0012.60] DevDlc: Caching file: WwiseDefaultBank_Amb_Male_Ward/..\..\OLGame\CookedPCConsoleDLC\WwiseDefaultBank_Amb_Male_Ward.bnk
[0012.60] DevDlc: Caching file: WwiseDefaultBank_Amb_Male_Ward/..\..\OLGame\CookedPCConsoleDLC\WwiseDefaultBank_Amb_Male_Ward.txt
[0012.60] DevDlc: Caching file: WwiseDefaultBank_Amb_Prison_01/..\..\OLGame\CookedPCConsoleDLC\WwiseDefaultBank_Amb_Prison_01.bnk
[0012.60] DevDlc: Caching file: WwiseDefaultBank_Amb_Prison_01/..\..\OLGame\CookedPCConsoleDLC\WwiseDefaultBank_Amb_Prison_01.txt
[0012.60] DevDlc: Caching file: WwiseDefaultBank_Amb_Sewer/..\..\OLGame\CookedPCConsoleDLC\WwiseDefaultBank_Amb_Sewer.bnk
[0012.60] DevDlc: Caching file: WwiseDefaultBank_Amb_Sewer/..\..\OLGame\CookedPCConsoleDLC\WwiseDefaultBank_Amb_Sewer.txt
[0012.60] DevDlc: Caching file: WwiseDefaultBank_DLC_AMB_Attic/..\..\OLGame\CookedPCConsoleDLC\WwiseDefaultBank_DLC_AMB_Attic.bnk
[0012.60] DevDlc: Caching file: WwiseDefaultBank_DLC_AMB_Attic/..\..\OLGame\CookedPCConsoleDLC\WwiseDefaultBank_DLC_AMB_Attic.txt
[0012.60] DevDlc: Caching file: WwiseDefaultBank_DLC_AMB_Build1/..\..\OLGame\CookedPCConsoleDLC\WwiseDefaultBank_DLC_AMB_Build1.bnk
[0012.60] DevDlc: Caching file: WwiseDefaultBank_DLC_AMB_Build1/..\..\OLGame\CookedPCConsoleDLC\WwiseDefaultBank_DLC_AMB_Build1.txt
[0012.60] DevDlc: Caching file: WwiseDefaultBank_DLC_AMB_Build2/..\..\OLGame\CookedPCConsoleDLC\WwiseDefaultBank_DLC_AMB_Build2.bnk
[0012.60] DevDlc: Caching file: WwiseDefaultBank_DLC_AMB_Build2/..\..\OLGame\CookedPCConsoleDLC\WwiseDefaultBank_DLC_AMB_Build2.txt
[0012.60] DevDlc: Caching file: WwiseDefaultBank_DLC_AMB_Ext/..\..\OLGame\CookedPCConsoleDLC\WwiseDefaultBank_DLC_AMB_Ext.bnk
[0012.60] DevDlc: Caching file: WwiseDefaultBank_DLC_AMB_Ext/..\..\OLGame\CookedPCConsoleDLC\WwiseDefaultBank_DLC_AMB_Ext.txt
[0012.60] DevDlc: Caching file: WwiseDefaultBank_DLC_AMB_Lab/..\..\OLGame\CookedPCConsoleDLC\WwiseDefaultBank_DLC_AMB_Lab.bnk
[0012.60] DevDlc: Caching file: WwiseDefaultBank_DLC_AMB_Lab/..\..\OLGame\CookedPCConsoleDLC\WwiseDefaultBank_DLC_AMB_Lab.txt
[0012.60] DevDlc: Caching file: WwiseDefaultBank_DLC_CIN_AdminRev/..\..\OLGame\CookedPCConsoleDLC\WwiseDefaultBank_DLC_CIN_AdminRev.bnk
[0012.60] DevDlc: Caching file: WwiseDefaultBank_DLC_CIN_AdminRev/..\..\OLGame\CookedPCConsoleDLC\WwiseDefaultBank_DLC_CIN_AdminRev.txt
[0012.60] DevDlc: Caching file: WwiseDefaultBank_DLC_CIN_Build1/..\..\OLGame\CookedPCConsoleDLC\WwiseDefaultBank_DLC_CIN_Build1.bnk
[0012.60] DevDlc: Caching file: WwiseDefaultBank_DLC_CIN_Build1/..\..\OLGame\CookedPCConsoleDLC\WwiseDefaultBank_DLC_CIN_Build1.txt
[0012.60] DevDlc: Caching file: WwiseDefaultBank_DLC_CIN_Build2/..\..\OLGame\CookedPCConsoleDLC\WwiseDefaultBank_DLC_CIN_Build2.bnk
[0012.60] DevDlc: Caching file: WwiseDefaultBank_DLC_CIN_Build2/..\..\OLGame\CookedPCConsoleDLC\WwiseDefaultBank_DLC_CIN_Build2.txt
[0012.60] DevDlc: Caching file: WwiseDefaultBank_DLC_CIN_Lab/..\..\OLGame\CookedPCConsoleDLC\WwiseDefaultBank_DLC_CIN_Lab.bnk
[0012.60] DevDlc: Caching file: WwiseDefaultBank_DLC_CIN_Lab/..\..\OLGame\CookedPCConsoleDLC\WwiseDefaultBank_DLC_CIN_Lab.txt
[0012.60] DevDlc: Caching file: WwiseDefaultBank_DLC_CIN_Prison/..\..\OLGame\CookedPCConsoleDLC\WwiseDefaultBank_DLC_CIN_Prison.bnk
[0012.60] DevDlc: Caching file: WwiseDefaultBank_DLC_CIN_Prison/..\..\OLGame\CookedPCConsoleDLC\WwiseDefaultBank_DLC_CIN_Prison.txt
[0012.60] DevDlc: Caching file: WwiseDefaultBank_DLC_SFX_build1/..\..\OLGame\CookedPCConsoleDLC\WwiseDefaultBank_DLC_SFX_build1.bnk
[0012.60] DevDlc: Caching file: WwiseDefaultBank_DLC_SFX_build1/..\..\OLGame\CookedPCConsoleDLC\WwiseDefaultBank_DLC_SFX_build1.txt
[0012.60] DevDlc: Caching file: WwiseDefaultBank_DLC_SFX_Can/..\..\OLGame\CookedPCConsoleDLC\WwiseDefaultBank_DLC_SFX_Can.bnk
[0012.60] DevDlc: Caching file: WwiseDefaultBank_DLC_SFX_Can/..\..\OLGame\CookedPCConsoleDLC\WwiseDefaultBank_DLC_SFX_Can.txt
[0012.60] DevDlc: Caching file: WwiseDefaultBank_DLC_SFX_generic/..\..\OLGame\CookedPCConsoleDLC\WwiseDefaultBank_DLC_SFX_generic.bnk
[0012.60] DevDlc: Caching file: WwiseDefaultBank_DLC_SFX_generic/..\..\OLGame\CookedPCConsoleDLC\WwiseDefaultBank_DLC_SFX_generic.txt
[0012.60] DevDlc: Caching file: WwiseDefaultBank_DLC_SFX_Impacts/..\..\OLGame\CookedPCConsoleDLC\WwiseDefaultBank_DLC_SFX_Impacts.bnk
[0012.60] DevDlc: Caching file: WwiseDefaultBank_DLC_SFX_Impacts/..\..\OLGame\CookedPCConsoleDLC\WwiseDefaultBank_DLC_SFX_Impacts.txt
[0012.60] DevDlc: Caching file: WwiseDefaultBank_DLC_VO_AI_Cannibal_Build1/..\..\OLGame\CookedPCConsoleDLC\WwiseDefaultBank_DLC_VO_AI_Cannibal_Build1.bnk
[0012.60] DevDlc: Caching file: WwiseDefaultBank_DLC_VO_AI_Cannibal_Build1/..\..\OLGame\CookedPCConsoleDLC\WwiseDefaultBank_DLC_VO_AI_Cannibal_Build1.txt
[0012.60] DevDlc: Caching file: WwiseDefaultBank_General_Sound/..\..\OLGame\CookedPCConsoleDLC\WwiseDefaultBank_General_Sound.bnk
[0012.60] DevDlc: Caching file: WwiseDefaultBank_General_Sound/..\..\OLGame\CookedPCConsoleDLC\WwiseDefaultBank_General_Sound.txt
[0012.60] DevDlc: Caching file: WwiseDefaultBank_Intro_Logo/..\..\OLGame\CookedPCConsoleDLC\WwiseDefaultBank_Intro_Logo.bnk
[0012.60] DevDlc: Caching file: WwiseDefaultBank_Intro_Logo/..\..\OLGame\CookedPCConsoleDLC\WwiseDefaultBank_Intro_Logo.txt
[0012.60] DevDlc: Caching file: WwiseDefaultBank_Menu/..\..\OLGame\CookedPCConsoleDLC\WwiseDefaultBank_Menu.bnk
[0012.60] DevDlc: Caching file: WwiseDefaultBank_Menu/..\..\OLGame\CookedPCConsoleDLC\WwiseDefaultBank_Menu.txt
[0012.60] DevDlc: Caching file: WwiseDefaultBank_Music_Admin_Revisit/..\..\OLGame\CookedPCConsoleDLC\WwiseDefaultBank_Music_Admin_Revisit.bnk
[0012.60] DevDlc: Caching file: WwiseDefaultBank_Music_Admin_Revisit/..\..\OLGame\CookedPCConsoleDLC\WwiseDefaultBank_Music_Admin_Revisit.txt
[0012.60] DevDlc: Caching file: WwiseDefaultBank_Music_Courtyard/..\..\OLGame\CookedPCConsoleDLC\WwiseDefaultBank_Music_Courtyard.bnk
[0012.60] DevDlc: Caching file: WwiseDefaultBank_Music_Courtyard/..\..\OLGame\CookedPCConsoleDLC\WwiseDefaultBank_Music_Courtyard.txt
[0012.60] DevDlc: Caching file: WwiseDefaultBank_Music_Exterior/..\..\OLGame\CookedPCConsoleDLC\WwiseDefaultBank_Music_Exterior.bnk
[0012.60] DevDlc: Caching file: WwiseDefaultBank_Music_Exterior/..\..\OLGame\CookedPCConsoleDLC\WwiseDefaultBank_Music_Exterior.txt
[0012.60] DevDlc: Caching file: WwiseDefaultBank_Music_FemaleWard/..\..\OLGame\CookedPCConsoleDLC\WwiseDefaultBank_Music_FemaleWard.bnk
[0012.60] DevDlc: Caching file: WwiseDefaultBank_Music_FemaleWard/..\..\OLGame\CookedPCConsoleDLC\WwiseDefaultBank_Music_FemaleWard.txt
[0012.60] DevDlc: Caching file: WwiseDefaultBank_Music_Interior/..\..\OLGame\CookedPCConsoleDLC\WwiseDefaultBank_Music_Interior.bnk
[0012.60] DevDlc: Caching file: WwiseDefaultBank_Music_Interior/..\..\OLGame\CookedPCConsoleDLC\WwiseDefaultBank_Music_Interior.txt
[0012.60] DevDlc: Caching file: WwiseDefaultBank_Music_Labo/..\..\OLGame\CookedPCConsoleDLC\WwiseDefaultBank_Music_Labo.bnk
[0012.60] DevDlc: Caching file: WwiseDefaultBank_Music_Labo/..\..\OLGame\CookedPCConsoleDLC\WwiseDefaultBank_Music_Labo.txt
[0012.60] DevDlc: Caching file: WwiseDefaultBank_Music_MaleWard/..\..\OLGame\CookedPCConsoleDLC\WwiseDefaultBank_Music_MaleWard.bnk
[0012.60] DevDlc: Caching file: WwiseDefaultBank_Music_MaleWard/..\..\OLGame\CookedPCConsoleDLC\WwiseDefaultBank_Music_MaleWard.txt
[0012.60] DevDlc: Caching file: WwiseDefaultBank_Music_Prison/..\..\OLGame\CookedPCConsoleDLC\WwiseDefaultBank_Music_Prison.bnk
[0012.60] DevDlc: Caching file: WwiseDefaultBank_Music_Prison/..\..\OLGame\CookedPCConsoleDLC\WwiseDefaultBank_Music_Prison.txt
[0012.60] DevDlc: Caching file: WwiseDefaultBank_Music_Sewer/..\..\OLGame\CookedPCConsoleDLC\WwiseDefaultBank_Music_Sewer.bnk
[0012.60] DevDlc: Caching file: WwiseDefaultBank_Music_Sewer/..\..\OLGame\CookedPCConsoleDLC\WwiseDefaultBank_Music_Sewer.txt
[0012.60] DevDlc: Caching file: WwiseDefaultBank_NPCs_Sounds/..\..\OLGame\CookedPCConsoleDLC\WwiseDefaultBank_NPCs_Sounds.bnk
[0012.60] DevDlc: Caching file: WwiseDefaultBank_NPCs_Sounds/..\..\OLGame\CookedPCConsoleDLC\WwiseDefaultBank_NPCs_Sounds.txt
[0012.60] DevDlc: Caching file: WwiseDefaultBank_Player_Sound/..\..\OLGame\CookedPCConsoleDLC\WwiseDefaultBank_Player_Sound.bnk
[0012.60] DevDlc: Caching file: WwiseDefaultBank_Player_Sound/..\..\OLGame\CookedPCConsoleDLC\WwiseDefaultBank_Player_Sound.txt
[0012.60] DevDlc: Caching file: WwiseDefaultBank_Reverb/..\..\OLGame\CookedPCConsoleDLC\WwiseDefaultBank_Reverb.bnk
[0012.60] DevDlc: Caching file: WwiseDefaultBank_Reverb/..\..\OLGame\CookedPCConsoleDLC\WwiseDefaultBank_Reverb.txt
[0012.60] DevDlc: Caching file: WwiseDefaultBank_SFX/..\..\OLGame\CookedPCConsoleDLC\WwiseDefaultBank_SFX.bnk
[0012.60] DevDlc: Caching file: WwiseDefaultBank_SFX/..\..\OLGame\CookedPCConsoleDLC\WwiseDefaultBank_SFX.txt
[0012.60] DevDlc: Caching file: WwiseDefaultBank_Soldier_Snd/..\..\OLGame\CookedPCConsoleDLC\WwiseDefaultBank_Soldier_Snd.bnk
[0012.60] DevDlc: Caching file: WwiseDefaultBank_Soldier_Snd/..\..\OLGame\CookedPCConsoleDLC\WwiseDefaultBank_Soldier_Snd.txt
[0012.60] DevDlc: Caching file: WwiseDefaultBank_Swarm_Sound/..\..\OLGame\CookedPCConsoleDLC\WwiseDefaultBank_Swarm_Sound.bnk
[0012.60] DevDlc: Caching file: WwiseDefaultBank_Swarm_Sound/..\..\OLGame\CookedPCConsoleDLC\WwiseDefaultBank_Swarm_Sound.txt
[0012.60] DevDlc: Caching file: WwiseDefaultBank_VO_Miles/..\..\OLGame\CookedPCConsoleDLC\WwiseDefaultBank_VO_Miles.bnk
[0012.60] DevDlc: Caching file: WwiseDefaultBank_VO_Miles/..\..\OLGame\CookedPCConsoleDLC\WwiseDefaultBank_VO_Miles.txt
[0012.60] Log: DLC installed successfully
[0012.88] Log: LoadMap: DLC_Intro_Persistent?Name=Player?Team=255
[0012.95] Log: Game class is 'OLGame'
[0012.97] Log: Primary PhysX scene will be in software.
[0012.97] Log: Creating Primary PhysX Scene.
[0012.97] Log: *** WARNING - PATHS MAY NOT BE VALID ***
[0012.97] Log: Bringing World DLC_Intro_Persistent.TheWorld up for play (0) at 2022.02.24-19.44.43
[0012.97] Log: Bringing up level for play took: 0.007823
[0013.16] Log: Playing DLC - invalid checkpoint but DLC persistent
[0013.17] Error: Can't start an online game that hasn't been created
[0014.10] Error: StartLocalVoiceProcessing(): Device is currently owned by another user
[0014.10] Log: ########### Finished loading level: 1.226702 seconds
[0014.10] Log: Flushing async loaders.
[0014.13] Log: Flushed async loaders.
[0014.13] Log: Initializing Engine Completed
[0023.43] Log: >>>>>>>>>>>>>> Initial startup: 23.43s <<<<<<<<<<<<<<<
[0023.45] Log: ActivateLevel dlc_mainmenugame 1 1 1
[0023.45] Log: ### Applying resolution 1024 x 768 (Fullscreen: yes)
[0023.61] Log: Flushing async loaders.
[0023.70] Log: Flushed async loaders.
[0023.70] Log:  ### --- Resetting level dlc_checkpoints
[0023.70] Log:  ### --- Resetting level x_checkpoints
[0023.70] Log: No Cached BSP Physics Data Found Or Out Of Date - Cooking Now.
[0023.70] Log: COOKEDPHYSICS: BSP 0.00 KB
[0023.71] Log:  ### --- Resetting level dlc_mainmenugame
[0024.01] Log: Resizing to 1024x768 (fullscreen)
[0025.26] Log: ### UpdateProfileFromSystemSettings - Current resolution is SR_1024x768 (1024 x 768, fullscreen: yes)
[0025.38] Warning: Warning, Failed to load 'Font None.Times New Roman': Failed to find object 'Font None.Times New Roman'
[0025.38] Warning: Warning, Failed to load 'Font None.Times New Roman': Failed to find object 'Font None.Times New Roman'
[0049.70] Log: ### Applying resolution 1920 x 1080 (Fullscreen: yes)
[0049.79] Log: Resizing to 1920x1080 (fullscreen)
[0056.09] DevGameState: Resetting GameState
[0068.00] DevGameState: Resetting GameState
[0068.00] Log: Starting at checkpoint "StartGame" - DLC: no
[0068.00] Log: --- LOADING MOVIE START ---
[0068.01] Log: --- SAVING CHECKPOINT "StartGame" ---
[0068.03] Log: Flushing async loaders.
[0068.04] Warning: Warning, Failed to compile Material Instance Asylum_post_process.PostUber.PostUberNoise with Base DefaultMaterial for platform PC-D3D-SM3, Default Material will be used in game.
[0068.04] Log: Flushed async loaders.
[0068.06] Log:  ### --- Resetting level adminblock_persistent
[0068.06] Log:  ### --- Resetting level x_checkpoints
[0068.07] Log: Committed map change via OLEngine Transient.OLEngine_0
[0068.13] Log: Flushing async loaders.
[0071.91] Log: Flushed async loaders.
[0071.91] Log:  ### --- Resetting level skydome_dawn
[0071.97] Log:  ### --- Resetting level asylum_exterior-art
[0071.97] Log:  ### --- Resetting level asylum_exterior-01d
[0071.98] Log:  ### --- Resetting level asylum_exterior-01e
[0071.98] Log: Physics mode for (SkeletalMeshActor_6) is not compatible with TickGroup(0) adjusting
[0071.99] Log:  ### --- Resetting level asylum_exterior-ld
[0071.99] Log:  ### --- Resetting level asylum_exterior_snd
[0073.01] DevGameState: GS - Applying checkpoint StartGame
[0073.01] Log: New master gamestate list found.
[0073.01] Log: New master checkpoint list found.
[0075.05] Log: KISMET: Remote event Car_Ride activated for 2 recipients
[0075.27] Log:  ### --- Resetting level asylum_exterior-01c
[0076.15] Log: KISMET: Remote event Car_Ride activated for 2 recipients
[0076.19] Log: --- LOADING MOVIE TIME: 8.18 sec ---
[0112.67] Log: KISMET: Remote event HideAsylumReveal activated for 1 recipients
[0136.03] Log: KISMET: Remote event Startbirdparticles activated for 1 recipients
[0142.64] Log: ### UpdateProfileFromSystemSettings - Current resolution is SR_1920x1080 (1920 x 1080, fullscreen: yes)
[0142.69] Warning: Warning, Failed to load 'Font None.Times New Roman': Failed to find object 'Font None.Times New Roman'
[0142.69] Warning: Warning, Failed to load 'Font None.Times New Roman': Failed to find object 'Font None.Times New Roman'
[0142.70] ScriptWarning: Accessed array 'OLUIFrontEnd_Credits_1.ViewStack' out of bounds (-1/0)
	OLUIFrontEnd_Credits DLC_Intro_Persistent.TheWorld:PersistentLevel.OLHUD_0.OLUIFrontEnd_1.OLUIFrontEnd_Credits_1
	Function OLGame.OLUIFrontEnd_Credits:WidgetInitialized:015E
[0142.73] ScriptWarning: Accessed None 'ItemList'
	OLUIFrontEnd_EvidenceList DLC_Intro_Persistent.TheWorld:PersistentLevel.OLHUD_0.OLUIFrontEnd_1.OLUIFrontEnd_EvidenceList_1
	Function OLGame.OLUIFrontEnd_EvidenceList:PopulateItemList:0217
[0142.73] ScriptWarning: Accessed None 'ItemList'
	OLUIFrontEnd_EvidenceList DLC_Intro_Persistent.TheWorld:PersistentLevel.OLHUD_0.OLUIFrontEnd_1.OLUIFrontEnd_EvidenceList_1
	Function OLGame.OLUIFrontEnd_EvidenceList:PopulateItemList:0293
[0142.74] ScriptWarning: Accessed None 'ContentsLabel'
	OLUIFrontEnd_EvidenceView DLC_Intro_Persistent.TheWorld:PersistentLevel.OLHUD_0.OLUIFrontEnd_1.OLUIFrontEnd_EvidenceView_1
	Function OLGame.OLUIFrontEnd_EvidenceView:OnViewActivated:000A
[0176.27] Log: KISMET: Remote event CarRideDone activated for 1 recipients
[0176.31] Log: --- SAVING CHECKPOINT "Admin_Gates" ---
[0183.37] Log: ### UpdateProfileFromSystemSettings - Current resolution is SR_1920x1080 (1920 x 1080, fullscreen: yes)
[0183.40] ScriptWarning: Accessed None 'ButtonBar'
	OLUIFrontEnd_PauseMenu DLC_Intro_Persistent.TheWorld:PersistentLevel.OLHUD_0.OLUIFrontEnd_2.OLUIFrontEnd_PauseMenu_2
	Function OLGame.OLUIFrontEnd_PauseMenu:PopulateButtons:0400
[0183.40] ScriptWarning: Accessed None 'ButtonBar'
	OLUIFrontEnd_PauseMenu DLC_Intro_Persistent.TheWorld:PersistentLevel.OLHUD_0.OLUIFrontEnd_2.OLUIFrontEnd_PauseMenu_2
	Function OLGame.OLUIFrontEnd_PauseMenu:PopulateButtons:0436
[0183.41] Warning: Warning, Failed to load 'Font None.Times New Roman': Failed to find object 'Font None.Times New Roman'
[0183.41] Warning: Warning, Failed to load 'Font None.Times New Roman': Failed to find object 'Font None.Times New Roman'
[0207.91] Log: [OLHero_1] Special move started: SMT_Crouch
[0208.10] Log: [OLHero_1] Special move completed: SMT_Crouch
[0208.10] Log: [OLHero_1] Special move started: SMT_Uncrouch
[0208.46] Log: [OLHero_1] Special move completed: SMT_Uncrouch
[0208.55] Log: [OLHero_1] Special move started: SMT_Crouch
[0209.70] Log: [OLHero_1] Special move completed: SMT_Crouch
[0210.30] Log: [OLHero_1] Special move started: SMT_Uncrouch
[0211.30] Log: [OLHero_1] Special move completed: SMT_Uncrouch
[0228.33] Log:  ### --- Resetting level asylum_exterior-01a
[0229.86] Log: [OLHero_1] Special move started: SMT_EnterDoorInteraction
[0229.86] Log: [OLHero_1] Activating adjustment of [X=-24.753 Y=-12.836 Z=0.000] with heading error 66.25 degs in 0.44 seconds
[0230.54] Log: [OLHero_1] Special move completed: SMT_EnterDoorInteraction
[0250.24] Log:  ### --- Resetting level asylum_exterior-01b
[0250.37] Log: KISMET: Remote event OutdoorWindCenter activated for 1 recipients
[0256.43] Log:  ### --- Resetting level center_block_explosionroom-art
[0260.19] Log: [OLHero_1] Special move started: SMT_Crouch
[0260.43] Log: [OLHero_1] Special move completed: SMT_Crouch
[0260.43] Log: [OLHero_1] Special move started: SMT_Uncrouch
[0260.78] Log: [OLHero_1] Special move completed: SMT_Uncrouch
[0263.01] Log: [OLHero_1] Special move started: SMT_Crouch
[0264.16] Log: [OLHero_1] Special move completed: SMT_Crouch
[0266.25] Log: --- SAVING CHECKPOINT "Admin_Garden" ---
[0267.21] Log: [OLHero_1] Special move started: SMT_Uncrouch
[0268.21] Log: [OLHero_1] Special move completed: SMT_Uncrouch
[0272.20] Log: [OLHero_1] Special move started: SMT_TryOpenLockedDoor
[0272.20] Log: [OLHero_1] Activating adjustment of [X=63.757 Y=16.420 Z=0.000] with heading error -4.23 degs in 0.33 seconds
[0274.41] Log: [OLHero_1] Special move completed: SMT_TryOpenLockedDoor
[0275.37] Log: [OLHero_1] Special move started: SMT_JumpOver
[0275.37] Log: [OLHero_1] Activating adjustment of [X=-4.126 Y=-44.514 Z=-17.870] with heading error -0.01 degs in 0.19 seconds
[0276.33] Log: [OLHero_1] Special move completed: SMT_JumpOver
[0277.74] Log: [OLHero_1] Special move started: SMT_Crouch
[0277.82] Log: [OLHero_1] Special move completed: SMT_Crouch
[0277.82] Log: [OLHero_1] Special move started: SMT_Uncrouch
[0278.18] Log: [OLHero_1] Special move completed: SMT_Uncrouch
[0278.89] Log: [OLHero_1] Special move started: SMT_Crouch
[0279.66] Log: [OLHero_1] Special move completed: SMT_Crouch
[0279.66] Log: [OLHero_1] Special move started: SMT_Uncrouch
[0279.84] Log: [OLHero_1] Special move completed: SMT_Uncrouch
[0279.84] Log: [OLHero_1] Special move started: SMT_Crouch
[0279.95] Log: [OLHero_1] Special move completed: SMT_Crouch
[0279.95] Log: [OLHero_1] Special move started: SMT_Uncrouch
[0280.56] Log: [OLHero_1] Special move completed: SMT_Uncrouch
[0282.58] Log: KISMET: Remote event Music_Climbing activated for 1 recipients
[0283.37] Log: [OLHero_1] Special move started: SMT_EnterLadderFromGround
[0283.37] Log: [OLHero_1] Activating adjustment of [X=19.625 Y=-32.548 Z=8.854] with heading error -0.02 degs in 0.20 seconds
[0284.07] Log: [OLHero_1] Special move completed: SMT_EnterLadderFromGround
[0286.23] Log: [OLHero_1] Special move started: SMT_ExitLadderOnTop
[0288.53] Log: [OLHero_1] Special move completed: SMT_ExitLadderOnTop
[0288.53] Log: TryAdjustCollisionSizeForLocomotionMode failed for mode LM_Walk
[0293.98] Log: [OLHero_1] Special move started: SMT_GrabLedgeFromGround
[0293.98] Log: [OLHero_1] Activating adjustment of [X=29.586 Y=211.245 Z=0.000] with heading error 2.63 degs in 0.62 seconds
[0295.63] Log: [OLHero_1] Special move completed: SMT_GrabLedgeFromGround
[0295.65] Log: [OLHero_1] Special move started: SMT_ClimbUpLedge
[0295.65] Log: [OLHero_1] Activating adjustment of [X=0.000 Y=0.000 Z=-0.023] with heading error 0.00 degs in 0.00 seconds
[0296.50] Log: [OLHero_1] Special move completed: SMT_ClimbUpLedge
[0302.59] Log:  ### --- Resetting level center_block_02
[0302.67] Log:  ### --- Resetting level center_block_02_chunka
[0302.82] Log:  ### --- Resetting level center_block_floors_snd
[0306.93] Log: [OLHero_1] Special move started: SMT_GrabLedgeFromGround
[0306.93] Log: [OLHero_1] Activating adjustment of [X=24.367 Y=-41.915 Z=0.000] with heading error 6.81 degs in 0.24 seconds
[0308.20] Log: [OLHero_1] Special move completed: SMT_GrabLedgeFromGround
[0308.56] Log: [OLHero_1] Special move started: SMT_ClimbUpLedge
[0308.56] Log: [OLHero_1] Activating adjustment of [X=0.000 Y=0.000 Z=-0.023] with heading error -0.01 degs in 0.00 seconds
[0309.22] Log: KISMET: Remote event MUS_BULB_EXPLOSE activated for 2 recipients
[0309.27] Log: --- SAVING CHECKPOINT "Admin_Explosion" ---
[0309.32] Log:  ### --- Resetting level center_block_02_chunkc
[0309.61] Log: [OLHero_1] Special move completed: SMT_ClimbUpLedge
[0309.63] Log:  ### --- Resetting level center_block_sript
[0309.64] Log: KISMET: Remote event WheelchairReady activated for 1 recipients
[0326.56] Log: [OLHero_1] Special move started: SMT_EnterDoorInteraction
[0326.56] Log: [OLHero_1] Activating adjustment of [X=27.912 Y=-91.957 Z=0.000] with heading error 54.55 degs in 0.48 seconds
[0327.23] Log: [OLHero_1] Special move completed: SMT_EnterDoorInteraction
[0331.77] Log:  ### --- Resetting level adminblock_fake_outside_01-art
[0349.49] Log: KISMET: Remote event TvTurningOn activated for 3 recipients
[0352.27] Log: [OLHero_1] Special move started: SMT_EnterDoorInteraction
[0352.27] Log: [OLHero_1] Activating adjustment of [X=-53.689 Y=75.012 Z=0.000] with heading error 29.47 degs in 0.46 seconds
[0352.94] Log: [OLHero_1] Special move completed: SMT_EnterDoorInteraction
[0360.12] Log:  ### --- Resetting level center_block_02c
[0369.07] Log: [OLHero_1] Special move started: SMT_EnterSqueeze
[0369.07] Log: [OLHero_1] Activating adjustment of [X=-10.726 Y=37.911 Z=0.000] with heading error -1.12 degs in 0.20 seconds
[0370.01] Log:  ### --- Resetting level center_block_02_chunkb
[0370.15] Log:  ### --- Resetting level center_block_elevator
[0370.15] DevGameState: GS - Triggering ApplyGameState for BasementOpen with OFF
[0370.15] DevGameState: GS - Triggering ApplyGameState for BasementDoor_Bashed_Persist with OFF
[0370.19] Log: [OLHero_1] Special move completed: SMT_EnterSqueeze
[0372.09] Log: [OLHero_1] Special move started: SMT_ExitSqueeze
[0372.09] Log: [OLHero_1] Activating adjustment of [X=0.000 Y=4.519 Z=0.000] with heading error 0.00 degs in 0.05 seconds
[0373.20] Log: [OLHero_1] Special move completed: SMT_ExitSqueeze
[0379.22] Log: [OLHero_1] Special move started: SMT_PickupObject
[0379.22] Log: [OLHero_1] Activating adjustment of [X=0.000 Y=0.000 Z=0.000] with heading error 2.71 degs in 0.05 seconds
[0380.23] Log: [OLHero_1] Special move completed: SMT_PickupObject
[0384.91] DevGameState: GS - Triggering ApplyGameState for BasementOpen with OFF
[0384.91] DevGameState: GS - Triggering ApplyGameState for BasementDoor_Bashed_Persist with OFF
[0388.15] Log: [OLHero_1] Special move started: SMT_OpenDoorInstant
[0388.15] Log: [OLHero_1] Activating adjustment of [X=17.673 Y=80.208 Z=0.000] with heading error -56.95 degs in 0.41 seconds
[0389.33] Log: [OLHero_1] Special move completed: SMT_OpenDoorInstant
[0389.35] DevGameState: GS - Triggering ApplyGameState for BasementOpen with OFF
[0389.35] DevGameState: GS - Triggering ApplyGameState for BasementDoor_Bashed_Persist with OFF
[0392.95] Log: [OLHero_1] Special move started: SMT_PickupObject
[0392.95] Log: [OLHero_1] Activating adjustment of [X=0.000 Y=0.000 Z=0.000] with heading error -2.32 degs in 0.04 seconds
[0393.96] Log: [OLHero_1] Special move completed: SMT_PickupObject
[0395.57] Log: ### UpdateProfileFromSystemSettings - Current resolution is SR_1920x1080 (1920 x 1080, fullscreen: yes)
[0395.61] Warning: Warning, Failed to load 'Font None.Times New Roman': Failed to find object 'Font None.Times New Roman'
[0395.61] Warning: Warning, Failed to load 'Font None.Times New Roman': Failed to find object 'Font None.Times New Roman'
[0395.62] ScriptWarning: Accessed array 'OLUIFrontEnd_Credits_3.ViewStack' out of bounds (-1/0)
	OLUIFrontEnd_Credits DLC_Intro_Persistent.TheWorld:PersistentLevel.OLHUD_0.OLUIFrontEnd_3.OLUIFrontEnd_Credits_3
	Function OLGame.OLUIFrontEnd_Credits:WidgetInitialized:015E
[0395.64] ScriptWarning: Accessed None 'ItemList'
	OLUIFrontEnd_EvidenceList DLC_Intro_Persistent.TheWorld:PersistentLevel.OLHUD_0.OLUIFrontEnd_3.OLUIFrontEnd_EvidenceList_3
	Function OLGame.OLUIFrontEnd_EvidenceList:PopulateItemList:0217
[0395.64] ScriptWarning: Accessed None 'ItemList'
	OLUIFrontEnd_EvidenceList DLC_Intro_Persistent.TheWorld:PersistentLevel.OLHUD_0.OLUIFrontEnd_3.OLUIFrontEnd_EvidenceList_3
	Function OLGame.OLUIFrontEnd_EvidenceList:PopulateItemList:0293
[0395.65] ScriptWarning: Accessed None 'ContentsLabel'
	OLUIFrontEnd_EvidenceView DLC_Intro_Persistent.TheWorld:PersistentLevel.OLHUD_0.OLUIFrontEnd_3.OLUIFrontEnd_EvidenceView_3
	Function OLGame.OLUIFrontEnd_EvidenceView:OnViewActivated:000A
[0402.78] DevGameState: GS - Triggering ApplyGameState for BasementOpen with OFF
[0402.78] DevGameState: GS - Triggering ApplyGameState for BasementDoor_Bashed_Persist with OFF
[0403.82] Log: [OLHero_1] Special move started: SMT_CloseDoor
[0403.82] Log: [OLHero_1] Activating adjustment of [X=60.840 Y=-11.528 Z=0.000] with heading error 27.87 degs in 0.31 seconds
[0404.91] DevGameState: GS - Triggering ApplyGameState for BasementOpen with OFF
[0404.91] DevGameState: GS - Triggering ApplyGameState for BasementDoor_Bashed_Persist with OFF
[0405.49] Log: [OLHero_1] Special move completed: SMT_CloseDoor
[0411.67] Log: KISMET: Remote event Door_Bathroom activated for 1 recipients
[0414.75] Log: [OLHero_1] Special move started: SMT_TryOpenLockedDoor
[0414.75] Log: [OLHero_1] Activating adjustment of [X=24.661 Y=59.945 Z=0.000] with heading error -56.44 degs in 0.38 seconds
[0417.01] Log: [OLHero_1] Special move completed: SMT_TryOpenLockedDoor
[0427.47] Log: Jump adjustment for GRAB LEDGE at height 214cm and distance 98cm
[0427.55] Log: [OLHero_1] Special move started: SMT_GrabLedgeFromAir
[0427.55] Log: [OLHero_1] Activating adjustment of [X=-23.653 Y=-41.305 Z=37.378] with heading error -23.94 degs in 0.30 seconds
[0428.38] Log: [OLHero_1] Special move completed: SMT_GrabLedgeFromAir
[0428.77] Log: [OLHero_1] Special move started: SMT_ClimbUpLedge
[0429.05] Log:  ### --- Resetting level center_block_01c
[0429.16] Log:  ### --- Resetting level center_block_02c_chunka
[0429.63] Log: [OLHero_1] Special move completed: SMT_ClimbUpLedge
[0429.63] Log: TryAdjustCollisionSizeForLocomotionMode failed for mode LM_Walk
[0442.32] Log:  ### --- Resetting level center_block_01c_chunkb
[0452.98] Log: KISMET: Remote event Patient_Running_After_AirVent activated for 1 recipients
[0456.21] Log: Physics mode for (SkeletalMeshActor_6) is not compatible with TickGroup(0) adjusting
[0456.21] Log: Physics mode for (SkeletalMeshActor_7) is not compatible with TickGroup(0) adjusting
[0456.24] Log:  ### --- Resetting level center_block_02c_chunkb
[0456.39] DevGameState: GS - Triggering ApplyGameState for BasementOpen with OFF
[0456.39] DevGameState: GS - Triggering ApplyGameState for BasementDoor_Bashed_Persist with OFF
[0456.47] Log:  ### --- Resetting level adminblock_fake_outside_02-art
[0458.03] Log: [OLHero_1] Special move started: SMT_PushFromLedgeProcedural
[0458.32] Log: [OLHero_1] Special move completed: SMT_PushFromLedgeProcedural
[0458.32] Log: TryAdjustCollisionSizeForLocomotionMode failed for mode LM_Fall
[0458.71] Log: --- SAVING CHECKPOINT "Admin_Mezzanine" ---
[0458.93] Log: [OLHero_1] Special move started: SMT_Uncrouch
[0459.93] Log: [OLHero_1] Special move completed: SMT_Uncrouch
[0463.32] Log:  ### --- Resetting level center_block_01
[0463.44] Log:  ### --- Resetting level center_block_01b
[0463.58] Log:  ### --- Resetting level center_block_01c_chunka
[0469.42] Log: [OLHero_1] Special move started: SMT_GrabLedgeFromGround
[0469.42] Log: [OLHero_1] Activating adjustment of [X=15.910 Y=0.940 Z=6.946] with heading error -12.71 degs in 0.09 seconds
[0470.53] Log: [OLHero_1] Special move completed: SMT_GrabLedgeFromGround
[0470.55] Log: [OLHero_1] Special move started: SMT_ClimbUpLedge
[0470.55] Log: [OLHero_1] Activating adjustment of [X=0.000 Y=0.000 Z=-0.023] with heading error 0.00 degs in 0.00 seconds
[0471.40] Log: [OLHero_1] Special move completed: SMT_ClimbUpLedge
[0471.40] Log: TryAdjustCollisionSizeForLocomotionMode failed for mode LM_Walk
[0516.95] DevGameState: GS - Triggering ApplyGameState for BasementOpen with OFF
[0516.95] DevGameState: GS - Triggering ApplyGameState for BasementDoor_Bashed_Persist with OFF
[0521.44] Log: [OLHero_1] Special move started: SMT_PushFromLedgeAnimated
[0521.44] Log: [OLHero_1] Activating adjustment of [X=-1.628 Y=-0.299 Z=0.000] with heading error -4.74 degs in 0.03 seconds
[0521.60] DevGameState: GS - Triggering ApplyGameState for BasementOpen with OFF
[0521.60] DevGameState: GS - Triggering ApplyGameState for BasementDoor_Bashed_Persist with OFF
[0522.08] Log: [OLHero_1] Special move completed: SMT_PushFromLedgeAnimated
[0522.08] Log: TryAdjustCollisionSizeForLocomotionMode failed for mode LM_Fall
[0522.53] Log: [OLHero_1] Special move started: SMT_Uncrouch
[0523.53] Log: [OLHero_1] Special move completed: SMT_Uncrouch
[0575.54] Log: [OLHero_1] Special move started: SMT_EnterDoorInteraction
[0575.54] Log: [OLHero_1] Activating adjustment of [X=-44.408 Y=-11.251 Z=0.000] with heading error 36.95 degs in 0.25 seconds
[0576.22] Log: [OLHero_1] Special move completed: SMT_EnterDoorInteraction
[0576.23] Log: TryAdjustCollisionSizeForLocomotionMode failed for mode LM_Walk
[0576.44] Log: KISMET: Remote event DoorLair activated for 5 recipients
[0601.54] Log: KISMET: Remote event STEPHENSON_WAKE-UP activated for 1 recipients
[0633.67] Log: [OLHero_1] Special move started: SMT_OpenDoorInstant
[0633.67] Log: [OLHero_1] Activating adjustment of [X=11.267 Y=-3.416 Z=0.000] with heading error 20.36 degs in 0.14 seconds
[0634.47] ScriptWarning: Accessed None 'EnemyPawn'
	OLBot DLC_Intro_Persistent.TheWorld:PersistentLevel.OLBot_0
	Function OLGame.OLBot:Idle.BeginState:0029
[0634.47] Log: KISMET: Remote event Soldierintro activated for 2 recipients
[0634.85] Log: [OLHero_1] Special move completed: SMT_OpenDoorInstant
[0654.13] Log: ### UpdateProfileFromSystemSettings - Current resolution is SR_1920x1080 (1920 x 1080, fullscreen: yes)
[0654.16] ScriptWarning: Accessed None 'ButtonBar'
	OLUIFrontEnd_PauseMenu DLC_Intro_Persistent.TheWorld:PersistentLevel.OLHUD_0.OLUIFrontEnd_4.OLUIFrontEnd_PauseMenu_4
	Function OLGame.OLUIFrontEnd_PauseMenu:PopulateButtons:0400
[0654.16] ScriptWarning: Accessed None 'ButtonBar'
	OLUIFrontEnd_PauseMenu DLC_Intro_Persistent.TheWorld:PersistentLevel.OLHUD_0.OLUIFrontEnd_4.OLUIFrontEnd_PauseMenu_4
	Function OLGame.OLUIFrontEnd_PauseMenu:PopulateButtons:0436
[0654.18] Warning: Warning, Failed to load 'Font None.Times New Roman': Failed to find object 'Font None.Times New Roman'
[0654.18] Warning: Warning, Failed to load 'Font None.Times New Roman': Failed to find object 'Font None.Times New Roman'
[0671.77] Log: --- SAVING CHECKPOINT "Admin_Mezzanine" ---
[0671.77] DevGameState: Resetting GameState
[0671.78] Log: LoadMap: DLC_Intro_Persistent?Name=Player?Team=255
[0671.78] Log: --- LOADING MOVIE START ---
[0672.02] Log: Game class is 'OLGame'
[0672.08] Log: Primary PhysX scene will be in software.
[0672.08] Log: Creating Primary PhysX Scene.
[0672.08] Log: *** WARNING - PATHS MAY NOT BE VALID ***
[0672.08] Log: Bringing World DLC_Intro_Persistent.TheWorld up for play (0) at 2022.02.24-19.55.42
[0672.08] Log: Bringing up level for play took: 0.063451
[0672.09] Log: Playing DLC - invalid checkpoint but DLC persistent
[0672.62] Log: Reloaded all WWise Banks for DLC
[0672.63] Error: Can't start an online game that hasn't been created
[0672.64] Error: StartLocalVoiceProcessing(): Device is currently owned by another user
[0672.64] Log: ########### Finished loading level: 0.861821 seconds
[0672.64] Log: Flushing async loaders.
[0672.65] Log: Flushed async loaders.
[0672.65] Log: ActivateLevel dlc_mainmenugame 1 1 1
[0672.65] Log: ### Applying resolution 1920 x 1080 (Fullscreen: yes)
[0672.68] Log: Flushing async loaders.
[0672.71] Log: Flushed async loaders.
[0672.71] Log:  ### --- Resetting level dlc_checkpoints
[0672.72] Log:  ### --- Resetting level x_checkpoints
[0672.72] Log: No Cached BSP Physics Data Found Or Out Of Date - Cooking Now.
[0672.72] Log: COOKEDPHYSICS: BSP 0.00 KB
[0672.72] Log:  ### --- Resetting level dlc_mainmenugame
[0672.87] Log: ### UpdateProfileFromSystemSettings - Current resolution is SR_1920x1080 (1920 x 1080, fullscreen: yes)
[0672.95] Warning: Warning, Failed to load 'Font None.Times New Roman': Failed to find object 'Font None.Times New Roman'
[0672.95] Warning: Warning, Failed to load 'Font None.Times New Roman': Failed to find object 'Font None.Times New Roman'
[0673.43] Log: --- LOADING MOVIE TIME: 1.65 sec ---
[0676.61] Log: Closing by request
[0676.61] Log: appRequestExit(0)
[0676.71] Exit: Preparing to exit.
[0676.84] Exit: Game engine shut down
[0676.97] Exit: Windows client shut down
[0676.97] Exit: XAudio2 Device shut down.
[0677.49] Exit: AK Audio shut down.
[0677.62] Exit: Object subsystem successfully closed.
[0677.74] Log: Shutting down FaceFX...
[0677.74] Log: FaceFX shutdown.
[0677.79] Exit: Exiting.
[0677.79] Log: Log file closed, 02/24/22 19:55:48
